0000              1   ;--------------------------------------------------------
0000              2   ; File Created by C51
0000              3   ; Version 1.0.0 #1170 (Feb 16 2022) (MSVC)
0000              4   ; This file was generated Thu Mar 21 15:07:35 2024
0000              5   ;--------------------------------------------------------
                  5   $name adc
                  6   $optc51 --model-small
0000              8            R_DSEG    segment data
0000              9            R_CSEG    segment code
0000             10            R_BSEG    segment bit
0000             11            R_XSEG    segment xdata
0000             12            R_PSEG    segment xdata
0000             13            R_ISEG    segment idata
0000             14            R_OSEG    segment data overlay
0000             15            BIT_BANK  segment data overlay
0000             16            R_HOME    segment code
0000             17            R_GSINIT  segment code
0000             18            R_IXSEG   segment xdata
0000             19            R_CONST   segment code
0000             20            R_XINIT   segment code
0000             21            R_DINIT   segment code
0000             22   
0000             23   ;--------------------------------------------------------
0000             24   ; Public variables in this module
0000             25   ;--------------------------------------------------------
0000             26            public _InitPinADC_PARM_2
0000             27            public _InitADC
0000             28            public _InitPinADC
0000             29            public _ADC_at_Pin
0000             30            public _Volts_at_Pin
0000             31   ;--------------------------------------------------------
0000             32   ; Special Function Registers
0000             33   ;--------------------------------------------------------
0000             34   _ACC            DATA 0xe0
0000             35   _ADC0ASAH       DATA 0xb6
0000             36   _ADC0ASAL       DATA 0xb5
0000             37   _ADC0ASCF       DATA 0xa1
0000             38   _ADC0ASCT       DATA 0xc7
0000             39   _ADC0CF0        DATA 0xbc
0000             40   _ADC0CF1        DATA 0xb9
0000             41   _ADC0CF2        DATA 0xdf
0000             42   _ADC0CN0        DATA 0xe8
0000             43   _ADC0CN1        DATA 0xb2
0000             44   _ADC0CN2        DATA 0xb3
0000             45   _ADC0GTH        DATA 0xc4
0000             46   _ADC0GTL        DATA 0xc3
0000             47   _ADC0H          DATA 0xbe
0000             48   _ADC0L          DATA 0xbd
0000             49   _ADC0LTH        DATA 0xc6
0000             50   _ADC0LTL        DATA 0xc5
0000             51   _ADC0MX         DATA 0xbb
0000             52   _B              DATA 0xf0
0000             53   _CKCON0         DATA 0x8e
0000             54   _CKCON1         DATA 0xa6
0000             55   _CLEN0          DATA 0xc6
0000             56   _CLIE0          DATA 0xc7
0000             57   _CLIF0          DATA 0xe8
0000             58   _CLKSEL         DATA 0xa9
0000             59   _CLOUT0         DATA 0xd1
0000             60   _CLU0CF         DATA 0xb1
0000             61   _CLU0FN         DATA 0xaf
0000             62   _CLU0MX         DATA 0x84
0000             63   _CLU1CF         DATA 0xb3
0000             64   _CLU1FN         DATA 0xb2
0000             65   _CLU1MX         DATA 0x85
0000             66   _CLU2CF         DATA 0xb6
0000             67   _CLU2FN         DATA 0xb5
0000             68   _CLU2MX         DATA 0x91
0000             69   _CLU3CF         DATA 0xbf
0000             70   _CLU3FN         DATA 0xbe
0000             71   _CLU3MX         DATA 0xae
0000             72   _CMP0CN0        DATA 0x9b
0000             73   _CMP0CN1        DATA 0x99
0000             74   _CMP0MD         DATA 0x9d
0000             75   _CMP0MX         DATA 0x9f
0000             76   _CMP1CN0        DATA 0xbf
0000             77   _CMP1CN1        DATA 0xac
0000             78   _CMP1MD         DATA 0xab
0000             79   _CMP1MX         DATA 0xaa
0000             80   _CRC0CN0        DATA 0xce
0000             81   _CRC0CN1        DATA 0x86
0000             82   _CRC0CNT        DATA 0xd3
0000             83   _CRC0DAT        DATA 0xcb
0000             84   _CRC0FLIP       DATA 0xcf
0000             85   _CRC0IN         DATA 0xca
0000             86   _CRC0ST         DATA 0xd2
0000             87   _DAC0CF0        DATA 0x91
0000             88   _DAC0CF1        DATA 0x92
0000             89   _DAC0H          DATA 0x85
0000             90   _DAC0L          DATA 0x84
0000             91   _DAC1CF0        DATA 0x93
0000             92   _DAC1CF1        DATA 0x94
0000             93   _DAC1H          DATA 0x8a
0000             94   _DAC1L          DATA 0x89
0000             95   _DAC2CF0        DATA 0x95
0000             96   _DAC2CF1        DATA 0x96
0000             97   _DAC2H          DATA 0x8c
0000             98   _DAC2L          DATA 0x8b
0000             99   _DAC3CF0        DATA 0x9a
0000            100   _DAC3CF1        DATA 0x9c
0000            101   _DAC3H          DATA 0x8e
0000            102   _DAC3L          DATA 0x8d
0000            103   _DACGCF0        DATA 0x88
0000            104   _DACGCF1        DATA 0x98
0000            105   _DACGCF2        DATA 0xa2
0000            106   _DERIVID        DATA 0xad
0000            107   _DEVICEID       DATA 0xb5
0000            108   _DPH            DATA 0x83
0000            109   _DPL            DATA 0x82
0000            110   _EIE1           DATA 0xe6
0000            111   _EIE2           DATA 0xf3
0000            112   _EIP1           DATA 0xbb
0000            113   _EIP1H          DATA 0xee
0000            114   _EIP2           DATA 0xed
0000            115   _EIP2H          DATA 0xf6
0000            116   _EMI0CN         DATA 0xe7
0000            117   _FLKEY          DATA 0xb7
0000            118   _HFO0CAL        DATA 0xc7
0000            119   _HFO1CAL        DATA 0xd6
0000            120   _HFOCN          DATA 0xef
0000            121   _I2C0ADM        DATA 0xff
0000            122   _I2C0CN0        DATA 0xba
0000            123   _I2C0DIN        DATA 0xbc
0000            124   _I2C0DOUT       DATA 0xbb
0000            125   _I2C0FCN0       DATA 0xad
0000            126   _I2C0FCN1       DATA 0xab
0000            127   _I2C0FCT        DATA 0xf5
0000            128   _I2C0SLAD       DATA 0xbd
0000            129   _I2C0STAT       DATA 0xb9
0000            130   _IE             DATA 0xa8
0000            131   _IP             DATA 0xb8
0000            132   _IPH            DATA 0xf2
0000            133   _IT01CF         DATA 0xe4
0000            134   _LFO0CN         DATA 0xb1
0000            135   _P0             DATA 0x80
0000            136   _P0MASK         DATA 0xfe
0000            137   _P0MAT          DATA 0xfd
0000            138   _P0MDIN         DATA 0xf1
0000            139   _P0MDOUT        DATA 0xa4
0000            140   _P0SKIP         DATA 0xd4
0000            141   _P1             DATA 0x90
0000            142   _P1MASK         DATA 0xee
0000            143   _P1MAT          DATA 0xed
0000            144   _P1MDIN         DATA 0xf2
0000            145   _P1MDOUT        DATA 0xa5
0000            146   _P1SKIP         DATA 0xd5
0000            147   _P2             DATA 0xa0
0000            148   _P2MASK         DATA 0xfc
0000            149   _P2MAT          DATA 0xfb
0000            150   _P2MDIN         DATA 0xf3
0000            151   _P2MDOUT        DATA 0xa6
0000            152   _P2SKIP         DATA 0xcc
0000            153   _P3             DATA 0xb0
0000            154   _P3MDIN         DATA 0xf4
0000            155   _P3MDOUT        DATA 0x9c
0000            156   _PCA0CENT       DATA 0x9e
0000            157   _PCA0CLR        DATA 0x9c
0000            158   _PCA0CN0        DATA 0xd8
0000            159   _PCA0CPH0       DATA 0xfc
0000            160   _PCA0CPH1       DATA 0xea
0000            161   _PCA0CPH2       DATA 0xec
0000            162   _PCA0CPH3       DATA 0xf5
0000            163   _PCA0CPH4       DATA 0x85
0000            164   _PCA0CPH5       DATA 0xde
0000            165   _PCA0CPL0       DATA 0xfb
0000            166   _PCA0CPL1       DATA 0xe9
0000            167   _PCA0CPL2       DATA 0xeb
0000            168   _PCA0CPL3       DATA 0xf4
0000            169   _PCA0CPL4       DATA 0x84
0000            170   _PCA0CPL5       DATA 0xdd
0000            171   _PCA0CPM0       DATA 0xda
0000            172   _PCA0CPM1       DATA 0xdb
0000            173   _PCA0CPM2       DATA 0xdc
0000            174   _PCA0CPM3       DATA 0xae
0000            175   _PCA0CPM4       DATA 0xaf
0000            176   _PCA0CPM5       DATA 0xcc
0000            177   _PCA0H          DATA 0xfa
0000            178   _PCA0L          DATA 0xf9
0000            179   _PCA0MD         DATA 0xd9
0000            180   _PCA0POL        DATA 0x96
0000            181   _PCA0PWM        DATA 0xf7
0000            182   _PCON0          DATA 0x87
0000            183   _PCON1          DATA 0xcd
0000            184   _PFE0CN         DATA 0xc1
0000            185   _PRTDRV         DATA 0xf6
0000            186   _PSCTL          DATA 0x8f
0000            187   _PSTAT0         DATA 0xaa
0000            188   _PSW            DATA 0xd0
0000            189   _REF0CN         DATA 0xd1
0000            190   _REG0CN         DATA 0xc9
0000            191   _REVID          DATA 0xb6
0000            192   _RSTSRC         DATA 0xef
0000            193   _SBCON1         DATA 0x94
0000            194   _SBRLH1         DATA 0x96
0000            195   _SBRLL1         DATA 0x95
0000            196   _SBUF           DATA 0x99
0000            197   _SBUF0          DATA 0x99
0000            198   _SBUF1          DATA 0x92
0000            199   _SCON           DATA 0x98
0000            200   _SCON0          DATA 0x98
0000            201   _SCON1          DATA 0xc8
0000            202   _SFRPAGE        DATA 0xa7
0000            203   _SFRPGCN        DATA 0xbc
0000            204   _SFRSTACK       DATA 0xd7
0000            205   _SMB0ADM        DATA 0xd6
0000            206   _SMB0ADR        DATA 0xd7
0000            207   _SMB0CF         DATA 0xc1
0000            208   _SMB0CN0        DATA 0xc0
0000            209   _SMB0DAT        DATA 0xc2
0000            210   _SMB0FCN0       DATA 0xc3
0000            211   _SMB0FCN1       DATA 0xc4
0000            212   _SMB0FCT        DATA 0xef
0000            213   _SMB0RXLN       DATA 0xc5
0000            214   _SMB0TC         DATA 0xac
0000            215   _SMOD1          DATA 0x93
0000            216   _SP             DATA 0x81
0000            217   _SPI0CFG        DATA 0xa1
0000            218   _SPI0CKR        DATA 0xa2
0000            219   _SPI0CN0        DATA 0xf8
0000            220   _SPI0DAT        DATA 0xa3
0000            221   _SPI0FCN0       DATA 0x9a
0000            222   _SPI0FCN1       DATA 0x9b
0000            223   _SPI0FCT        DATA 0xf7
0000            224   _SPI0PCF        DATA 0xdf
0000            225   _TCON           DATA 0x88
0000            226   _TH0            DATA 0x8c
0000            227   _TH1            DATA 0x8d
0000            228   _TL0            DATA 0x8a
0000            229   _TL1            DATA 0x8b
0000            230   _TMOD           DATA 0x89
0000            231   _TMR2CN0        DATA 0xc8
0000            232   _TMR2CN1        DATA 0xfd
0000            233   _TMR2H          DATA 0xcf
0000            234   _TMR2L          DATA 0xce
0000            235   _TMR2RLH        DATA 0xcb
0000            236   _TMR2RLL        DATA 0xca
0000            237   _TMR3CN0        DATA 0x91
0000            238   _TMR3CN1        DATA 0xfe
0000            239   _TMR3H          DATA 0x95
0000            240   _TMR3L          DATA 0x94
0000            241   _TMR3RLH        DATA 0x93
0000            242   _TMR3RLL        DATA 0x92
0000            243   _TMR4CN0        DATA 0x98
0000            244   _TMR4CN1        DATA 0xff
0000            245   _TMR4H          DATA 0xa5
0000            246   _TMR4L          DATA 0xa4
0000            247   _TMR4RLH        DATA 0xa3
0000            248   _TMR4RLL        DATA 0xa2
0000            249   _TMR5CN0        DATA 0xc0
0000            250   _TMR5CN1        DATA 0xf1
0000            251   _TMR5H          DATA 0xd5
0000            252   _TMR5L          DATA 0xd4
0000            253   _TMR5RLH        DATA 0xd3
0000            254   _TMR5RLL        DATA 0xd2
0000            255   _UART0PCF       DATA 0xd9
0000            256   _UART1FCN0      DATA 0x9d
0000            257   _UART1FCN1      DATA 0xd8
0000            258   _UART1FCT       DATA 0xfa
0000            259   _UART1LIN       DATA 0x9e
0000            260   _UART1PCF       DATA 0xda
0000            261   _VDM0CN         DATA 0xff
0000            262   _WDTCN          DATA 0x97
0000            263   _XBR0           DATA 0xe1
0000            264   _XBR1           DATA 0xe2
0000            265   _XBR2           DATA 0xe3
0000            266   _XOSC0CN        DATA 0x86
0000            267   _DPTR           DATA 0x8382
0000            268   _TMR2RL         DATA 0xcbca
0000            269   _TMR3RL         DATA 0x9392
0000            270   _TMR4RL         DATA 0xa3a2
0000            271   _TMR5RL         DATA 0xd3d2
0000            272   _TMR0           DATA 0x8c8a
0000            273   _TMR1           DATA 0x8d8b
0000            274   _TMR2           DATA 0xcfce
0000            275   _TMR3           DATA 0x9594
0000            276   _TMR4           DATA 0xa5a4
0000            277   _TMR5           DATA 0xd5d4
0000            278   _SBRL1          DATA 0x9695
0000            279   _PCA0           DATA 0xfaf9
0000            280   _PCA0CP0        DATA 0xfcfb
0000            281   _PCA0CP1        DATA 0xeae9
0000            282   _PCA0CP2        DATA 0xeceb
0000            283   _PCA0CP3        DATA 0xf5f4
0000            284   _PCA0CP4        DATA 0x8584
0000            285   _PCA0CP5        DATA 0xdedd
0000            286   _ADC0ASA        DATA 0xb6b5
0000            287   _ADC0GT         DATA 0xc4c3
0000            288   _ADC0           DATA 0xbebd
0000            289   _ADC0LT         DATA 0xc6c5
0000            290   _DAC0           DATA 0x8584
0000            291   _DAC1           DATA 0x8a89
0000            292   _DAC2           DATA 0x8c8b
0000            293   _DAC3           DATA 0x8e8d
0000            294   ;--------------------------------------------------------
0000            295   ; special function bits
0000            296   ;--------------------------------------------------------
0000            297   _ACC_0          BIT 0xe0
0000            298   _ACC_1          BIT 0xe1
0000            299   _ACC_2          BIT 0xe2
0000            300   _ACC_3          BIT 0xe3
0000            301   _ACC_4          BIT 0xe4
0000            302   _ACC_5          BIT 0xe5
0000            303   _ACC_6          BIT 0xe6
0000            304   _ACC_7          BIT 0xe7
0000            305   _TEMPE          BIT 0xe8
0000            306   _ADGN0          BIT 0xe9
0000            307   _ADGN1          BIT 0xea
0000            308   _ADWINT         BIT 0xeb
0000            309   _ADBUSY         BIT 0xec
0000            310   _ADINT          BIT 0xed
0000            311   _IPOEN          BIT 0xee
0000            312   _ADEN           BIT 0xef
0000            313   _B_0            BIT 0xf0
0000            314   _B_1            BIT 0xf1
0000            315   _B_2            BIT 0xf2
0000            316   _B_3            BIT 0xf3
0000            317   _B_4            BIT 0xf4
0000            318   _B_5            BIT 0xf5
0000            319   _B_6            BIT 0xf6
0000            320   _B_7            BIT 0xf7
0000            321   _C0FIF          BIT 0xe8
0000            322   _C0RIF          BIT 0xe9
0000            323   _C1FIF          BIT 0xea
0000            324   _C1RIF          BIT 0xeb
0000            325   _C2FIF          BIT 0xec
0000            326   _C2RIF          BIT 0xed
0000            327   _C3FIF          BIT 0xee
0000            328   _C3RIF          BIT 0xef
0000            329   _D1SRC0         BIT 0x88
0000            330   _D1SRC1         BIT 0x89
0000            331   _D1AMEN         BIT 0x8a
0000            332   _D01REFSL       BIT 0x8b
0000            333   _D3SRC0         BIT 0x8c
0000            334   _D3SRC1         BIT 0x8d
0000            335   _D3AMEN         BIT 0x8e
0000            336   _D23REFSL       BIT 0x8f
0000            337   _D0UDIS         BIT 0x98
0000            338   _D1UDIS         BIT 0x99
0000            339   _D2UDIS         BIT 0x9a
0000            340   _D3UDIS         BIT 0x9b
0000            341   _EX0            BIT 0xa8
0000            342   _ET0            BIT 0xa9
0000            343   _EX1            BIT 0xaa
0000            344   _ET1            BIT 0xab
0000            345   _ES0            BIT 0xac
0000            346   _ET2            BIT 0xad
0000            347   _ESPI0          BIT 0xae
0000            348   _EA             BIT 0xaf
0000            349   _PX0            BIT 0xb8
0000            350   _PT0            BIT 0xb9
0000            351   _PX1            BIT 0xba
0000            352   _PT1            BIT 0xbb
0000            353   _PS0            BIT 0xbc
0000            354   _PT2            BIT 0xbd
0000            355   _PSPI0          BIT 0xbe
0000            356   _P0_0           BIT 0x80
0000            357   _P0_1           BIT 0x81
0000            358   _P0_2           BIT 0x82
0000            359   _P0_3           BIT 0x83
0000            360   _P0_4           BIT 0x84
0000            361   _P0_5           BIT 0x85
0000            362   _P0_6           BIT 0x86
0000            363   _P0_7           BIT 0x87
0000            364   _P1_0           BIT 0x90
0000            365   _P1_1           BIT 0x91
0000            366   _P1_2           BIT 0x92
0000            367   _P1_3           BIT 0x93
0000            368   _P1_4           BIT 0x94
0000            369   _P1_5           BIT 0x95
0000            370   _P1_6           BIT 0x96
0000            371   _P1_7           BIT 0x97
0000            372   _P2_0           BIT 0xa0
0000            373   _P2_1           BIT 0xa1
0000            374   _P2_2           BIT 0xa2
0000            375   _P2_3           BIT 0xa3
0000            376   _P2_4           BIT 0xa4
0000            377   _P2_5           BIT 0xa5
0000            378   _P2_6           BIT 0xa6
0000            379   _P3_0           BIT 0xb0
0000            380   _P3_1           BIT 0xb1
0000            381   _P3_2           BIT 0xb2
0000            382   _P3_3           BIT 0xb3
0000            383   _P3_4           BIT 0xb4
0000            384   _P3_7           BIT 0xb7
0000            385   _CCF0           BIT 0xd8
0000            386   _CCF1           BIT 0xd9
0000            387   _CCF2           BIT 0xda
0000            388   _CCF3           BIT 0xdb
0000            389   _CCF4           BIT 0xdc
0000            390   _CCF5           BIT 0xdd
0000            391   _CR             BIT 0xde
0000            392   _CF             BIT 0xdf
0000            393   _PARITY         BIT 0xd0
0000            394   _F1             BIT 0xd1
0000            395   _OV             BIT 0xd2
0000            396   _RS0            BIT 0xd3
0000            397   _RS1            BIT 0xd4
0000            398   _F0             BIT 0xd5
0000            399   _AC             BIT 0xd6
0000            400   _CY             BIT 0xd7
0000            401   _RI             BIT 0x98
0000            402   _TI             BIT 0x99
0000            403   _RB8            BIT 0x9a
0000            404   _TB8            BIT 0x9b
0000            405   _REN            BIT 0x9c
0000            406   _CE             BIT 0x9d
0000            407   _SMODE          BIT 0x9e
0000            408   _RI1            BIT 0xc8
0000            409   _TI1            BIT 0xc9
0000            410   _RBX1           BIT 0xca
0000            411   _TBX1           BIT 0xcb
0000            412   _REN1           BIT 0xcc
0000            413   _PERR1          BIT 0xcd
0000            414   _OVR1           BIT 0xce
0000            415   _SI             BIT 0xc0
0000            416   _ACK            BIT 0xc1
0000            417   _ARBLOST        BIT 0xc2
0000            418   _ACKRQ          BIT 0xc3
0000            419   _STO            BIT 0xc4
0000            420   _STA            BIT 0xc5
0000            421   _TXMODE         BIT 0xc6
0000            422   _MASTER         BIT 0xc7
0000            423   _SPIEN          BIT 0xf8
0000            424   _TXNF           BIT 0xf9
0000            425   _NSSMD0         BIT 0xfa
0000            426   _NSSMD1         BIT 0xfb
0000            427   _RXOVRN         BIT 0xfc
0000            428   _MODF           BIT 0xfd
0000            429   _WCOL           BIT 0xfe
0000            430   _SPIF           BIT 0xff
0000            431   _IT0            BIT 0x88
0000            432   _IE0            BIT 0x89
0000            433   _IT1            BIT 0x8a
0000            434   _IE1            BIT 0x8b
0000            435   _TR0            BIT 0x8c
0000            436   _TF0            BIT 0x8d
0000            437   _TR1            BIT 0x8e
0000            438   _TF1            BIT 0x8f
0000            439   _T2XCLK0        BIT 0xc8
0000            440   _T2XCLK1        BIT 0xc9
0000            441   _TR2            BIT 0xca
0000            442   _T2SPLIT        BIT 0xcb
0000            443   _TF2CEN         BIT 0xcc
0000            444   _TF2LEN         BIT 0xcd
0000            445   _TF2L           BIT 0xce
0000            446   _TF2H           BIT 0xcf
0000            447   _T4XCLK0        BIT 0x98
0000            448   _T4XCLK1        BIT 0x99
0000            449   _TR4            BIT 0x9a
0000            450   _T4SPLIT        BIT 0x9b
0000            451   _TF4CEN         BIT 0x9c
0000            452   _TF4LEN         BIT 0x9d
0000            453   _TF4L           BIT 0x9e
0000            454   _TF4H           BIT 0x9f
0000            455   _T5XCLK0        BIT 0xc0
0000            456   _T5XCLK1        BIT 0xc1
0000            457   _TR5            BIT 0xc2
0000            458   _T5SPLIT        BIT 0xc3
0000            459   _TF5CEN         BIT 0xc4
0000            460   _TF5LEN         BIT 0xc5
0000            461   _TF5L           BIT 0xc6
0000            462   _TF5H           BIT 0xc7
0000            463   _RIE            BIT 0xd8
0000            464   _RXTO0          BIT 0xd9
0000            465   _RXTO1          BIT 0xda
0000            466   _RFRQ           BIT 0xdb
0000            467   _TIE            BIT 0xdc
0000            468   _TXHOLD         BIT 0xdd
0000            469   _TXNF1          BIT 0xde
0000            470   _TFRQ           BIT 0xdf
0000            471   ;--------------------------------------------------------
0000            472   ; overlayable register banks
0000            473   ;--------------------------------------------------------
0000            474            rbank0 segment data overlay
0000            475   ;--------------------------------------------------------
0000            476   ; internal ram data
0000            477   ;--------------------------------------------------------
0000            478            rseg R_DSEG
0000            479   ;--------------------------------------------------------
0000            480   ; overlayable items in internal ram 
0000            481   ;--------------------------------------------------------
0000            482            rseg    R_OSEG
0000            483   _InitPinADC_PARM_2:
0000            484            ds 1
0001            485            rseg    R_OSEG
0001            486   ;--------------------------------------------------------
0001            487   ; indirectly addressable internal ram data
0001            488   ;--------------------------------------------------------
0000            489            rseg R_ISEG
0000            490   ;--------------------------------------------------------
0000            491   ; absolute internal ram data
0000            492   ;--------------------------------------------------------
0000            493            DSEG
0000            494   ;--------------------------------------------------------
0000            495   ; bit data
0000            496   ;--------------------------------------------------------
0000            497            rseg R_BSEG
0000            498   ;--------------------------------------------------------
0000            499   ; paged external ram data
0000            500   ;--------------------------------------------------------
0000            501            rseg R_PSEG
0000            502   ;--------------------------------------------------------
0000            503   ; external ram data
0000            504   ;--------------------------------------------------------
0000            505            rseg R_XSEG
0000            506   ;--------------------------------------------------------
0000            507   ; absolute external ram data
0000            508   ;--------------------------------------------------------
0000            509            XSEG
0000            510   ;--------------------------------------------------------
0000            511   ; external initialized ram data
0000            512   ;--------------------------------------------------------
0000            513            rseg R_IXSEG
0000            514            rseg R_HOME
0000            515            rseg R_GSINIT
0000            516            rseg R_CSEG
0000            517   ;--------------------------------------------------------
0000            518   ; Interrupt vectors
0000            519   ;--------------------------------------------------------
0000            520   ;--------------------------------------------------------
0000            521   ; global & static initialisations
0000            522   ;--------------------------------------------------------
0000            523            rseg R_HOME
0000            524            rseg R_GSINIT
0000            525            rseg R_GSINIT
0000            526   ;--------------------------------------------------------
0000            527   ; data variables initialization
0000            528   ;--------------------------------------------------------
0000            529            rseg R_DINIT
0000            530            ; The linker places a 'ret' at the end of segment R_DINIT.
0000            531   ;--------------------------------------------------------
0000            532   ; code
0000            533   ;--------------------------------------------------------
0000            534            rseg R_CSEG
0000            535   ;------------------------------------------------------------
0000            536   ;Allocation info for local variables in function 'InitADC'
0000            537   ;------------------------------------------------------------
0000            538   ;------------------------------------------------------------
0000            539   ;        adc.c:6: void InitADC (void)
0000            540   ;        -----------------------------------------
0000            541   ;         function InitADC
0000            542   ;        -----------------------------------------
0000            543   _InitADC:
0000            544            using   0
0000            545   ;        adc.c:8: SFRPAGE = 0x00;
0000 75A700     546            mov     _SFRPAGE,#0x00
0003            547   ;        adc.c:9: ADEN=0; // Disable ADC
0003 C2EF       548            clr     _ADEN
0005            549   ;        adc.c:14: (0x0 << 0) ; // Accumulate n conversions: 0x0: 1, 0x1:4, 0x2:8, 0x3:16, 0x4:32
0005 75B280     550            mov     _ADC0CN1,#0x80
0008            551   ;        adc.c:18: (0x0 << 2); // 0:SYSCLK ADCCLK = SYSCLK. 1:HFOSC0 ADCCLK = HFOSC0.
0008 75BC20     552            mov     _ADC0CF0,#0x20
000B            553   ;        adc.c:22: (0x1E << 0); // Conversion Tracking Time. Tadtk = ADTK / (Fsarclk)
000B 75B91E     554            mov     _ADC0CF1,#0x1E
000E            555   ;        adc.c:31: (0x0 << 0) ; // TEMPE. 0: Disable the Temperature Sensor. 1: Enable the Temperature Sensor.
000E 75E800     556            mov     _ADC0CN0,#0x00
0011            557   ;        adc.c:36: (0x1F << 0); // ADPWR. Power Up Delay Time. Tpwrtime = ((4 * (ADPWR + 1)) + 2) / (Fadcclk)
0011 75DF3F     558            mov     _ADC0CF2,#0x3F
0014            559   ;        adc.c:40: (0x0 << 0) ; // ADCM. 0x0: ADBUSY, 0x1: TIMER0, 0x2: TIMER2, 0x3: TIMER3, 0x4: CNVSTR, 0x5: CEX5, 0x6: TIMER4, 0x7: TIMER5, 0x8: CLU0, 0x9: CLU1, 0xA: CLU2, 0xB: CLU3
0014 75B300     560            mov     _ADC0CN2,#0x00
0017            561   ;        adc.c:42: ADEN=1; // Enable ADC
0017 D2EF       562            setb    _ADEN
0019 22         563            ret
001A            564   ;------------------------------------------------------------
001A            565   ;Allocation info for local variables in function 'InitPinADC'
001A            566   ;------------------------------------------------------------
001A            567   ;pin_num                   Allocated with name '_InitPinADC_PARM_2'
001A            568   ;portno                    Allocated to registers r2 
001A            569   ;mask                      Allocated to registers r3 
001A            570   ;------------------------------------------------------------
001A            571   ;        adc.c:45: void InitPinADC (unsigned char portno, unsigned char pin_num)
001A            572   ;        -----------------------------------------
001A            573   ;         function InitPinADC
001A            574   ;        -----------------------------------------
001A            575   _InitPinADC:
001A AA82       576            mov     r2,dpl
001C            577   ;        adc.c:49: mask=1<<pin_num;
001C 8560F0     578            mov     b,_InitPinADC_PARM_2
001F 05F0       579            inc     b
0021 7401       580            mov     a,#0x01
0023 8000       581            sjmp    L003013?
0025            582   L003011?:
0025 25E0       583            add     a,acc
0027            584   L003013?:
0027 D5F068     585            djnz    b,L003011?
002A FB         586            mov     r3,a
002B            587   ;        adc.c:51: SFRPAGE = 0x20;
002B 75A720     588            mov     _SFRPAGE,#0x20
002E            589   ;        adc.c:52: switch (portno)
002E BA00E8     590            cjne    r2,#0x00,L003014?
0031 8000       591            sjmp    L003001?
0033            592   L003014?:
0033 BA0168     593            cjne    r2,#0x01,L003015?
0036 8000       594            sjmp    L003002?
0038            595   L003015?:
0038            596   ;        adc.c:54: case 0:
0038 BA02E8     597            cjne    r2,#0x02,L003005?
003B 8000       598            sjmp    L003003?
003D            599   L003001?:
003D            600   ;        adc.c:55: P0MDIN &= (~mask); // Set pin as analog input
003D EB         601            mov     a,r3
003E F4         602            cpl     a
003F FA         603            mov     r2,a
0040 52F1       604            anl     _P0MDIN,a
0042            605   ;        adc.c:56: P0SKIP |= mask; // Skip Crossbar decoding for this pin
0042 EB         606            mov     a,r3
0043 42D4       607            orl     _P0SKIP,a
0045            608   ;        adc.c:57: break;
0045            609   ;        adc.c:58: case 1:
0045 8000       610            sjmp    L003005?
0047            611   L003002?:
0047            612   ;        adc.c:59: P1MDIN &= (~mask); // Set pin as analog input
0047 EB         613            mov     a,r3
0048 F4         614            cpl     a
0049 FA         615            mov     r2,a
004A 52F2       616            anl     _P1MDIN,a
004C            617   ;        adc.c:60: P1SKIP |= mask; // Skip Crossbar decoding for this pin
004C EB         618            mov     a,r3
004D 42D5       619            orl     _P1SKIP,a
004F            620   ;        adc.c:61: break;
004F            621   ;        adc.c:62: case 2:
004F 8000       622            sjmp    L003005?
0051            623   L003003?:
0051            624   ;        adc.c:63: P2MDIN &= (~mask); // Set pin as analog input
0051 EB         625            mov     a,r3
0052 F4         626            cpl     a
0053 FA         627            mov     r2,a
0054 52F3       628            anl     _P2MDIN,a
0056            629   ;        adc.c:64: P2SKIP |= mask; // Skip Crossbar decoding for this pin
0056 EB         630            mov     a,r3
0057 42CC       631            orl     _P2SKIP,a
0059            632   ;        adc.c:68: }
0059            633   L003005?:
0059            634   ;        adc.c:69: SFRPAGE = 0x00;
0059 75A700     635            mov     _SFRPAGE,#0x00
005C 22         636            ret
005D            637   ;------------------------------------------------------------
005D            638   ;Allocation info for local variables in function 'ADC_at_Pin'
005D            639   ;------------------------------------------------------------
005D            640   ;pin                       Allocated to registers 
005D            641   ;------------------------------------------------------------
005D            642   ;        adc.c:72: unsigned int ADC_at_Pin(unsigned char pin)
005D            643   ;        -----------------------------------------
005D            644   ;         function ADC_at_Pin
005D            645   ;        -----------------------------------------
005D            646   _ADC_at_Pin:
005D 8582BB     647            mov     _ADC0MX,dpl
0060            648   ;        adc.c:75: ADINT = 0;
0060 C2ED       649            clr     _ADINT
0062            650   ;        adc.c:76: ADBUSY = 1;     // Convert voltage at the pin
0062 D2EC       651            setb    _ADBUSY
0064            652   ;        adc.c:77: while (!ADINT); // Wait for conversion to complete
0064            653   L004001?:
0064 30ED68     654            jnb     _ADINT,L004001?
0067            655   ;        adc.c:78: return (ADC0);
0067 85BD82     656            mov     dpl,_ADC0
006A 85BE83     657            mov     dph,(_ADC0 >> 8)
006D 22         658            ret
006E            659   ;------------------------------------------------------------
006E            660   ;Allocation info for local variables in function 'Volts_at_Pin'
006E            661   ;------------------------------------------------------------
006E            662   ;pin                       Allocated to registers 
006E            663   ;------------------------------------------------------------
006E            664   ;        adc.c:81: float Volts_at_Pin(unsigned char pin)
006E            665   ;        -----------------------------------------
006E            666   ;         function Volts_at_Pin
006E            667   ;        -----------------------------------------
006E            668   _Volts_at_Pin:
006E            669   ;        adc.c:83: return ((ADC_at_Pin(pin)*VDD)/16383.0);
006E 120000     670            lcall   _ADC_at_Pin
0071 120000     671            lcall   ___uint2fs
0074 AA82       672            mov     r2,dpl
0076 AB83       673            mov     r3,dph
0078 ACF0       674            mov     r4,b
007A FD         675            mov     r5,a
007B C002       676            push    ar2
007D C003       677            push    ar3
007F C004       678            push    ar4
0081 C005       679            push    ar5
0083 906C8B     680            mov     dptr,#0x6C8B
0086 75F053     681            mov     b,#0x53
0089 7440       682            mov     a,#0x40
008B 120000     683            lcall   ___fsmul
008E AA82       684            mov     r2,dpl
0090 AB83       685            mov     r3,dph
0092 ACF0       686            mov     r4,b
0094 FD         687            mov     r5,a
0095 E581       688            mov     a,sp
0097 24FC       689            add     a,#0xfc
0099 F581       690            mov     sp,a
009B E4         691            clr     a
009C C0E0       692            push    acc
009E 74FC       693            mov     a,#0xFC
00A0 C0E0       694            push    acc
00A2 747F       695            mov     a,#0x7F
00A4 C0E0       696            push    acc
00A6 7446       697            mov     a,#0x46
00A8 C0E0       698            push    acc
00AA 8A82       699            mov     dpl,r2
00AC 8B83       700            mov     dph,r3
00AE 8CF0       701            mov     b,r4
00B0 ED         702            mov     a,r5
00B1 120000     703            lcall   ___fsdiv
00B4 AA82       704            mov     r2,dpl
00B6 AB83       705            mov     r3,dph
00B8 ACF0       706            mov     r4,b
00BA FD         707            mov     r5,a
00BB E581       708            mov     a,sp
00BD 24FC       709            add     a,#0xfc
00BF F581       710            mov     sp,a
00C1 8A82       711            mov     dpl,r2
00C3 8B83       712            mov     dph,r3
00C5 8CF0       713            mov     b,r4
00C7 ED         714            mov     a,r5
00C8 22         715            ret
00C9            716            rseg R_CSEG
00C9            717   
0000            718            rseg R_XINIT
0000            719   
0000            720            rseg R_CONST
0000            721   
0000            722            CSEG
0000            723   
0000            724   end
