0000              1   ;--------------------------------------------------------
0000              2   ; File Created by C51
0000              3   ; Version 1.0.0 #1170 (Feb 16 2022) (MSVC)
0000              4   ; This file was generated Thu Mar 21 15:07:34 2024
0000              5   ;--------------------------------------------------------
                  5   $name lcd
                  6   $optc51 --model-small
0000              8            R_DSEG    segment data
0000              9            R_CSEG    segment code
0000             10            R_BSEG    segment bit
0000             11            R_XSEG    segment xdata
0000             12            R_PSEG    segment xdata
0000             13            R_ISEG    segment idata
0000             14            R_OSEG    segment data overlay
0000             15            BIT_BANK  segment data overlay
0000             16            R_HOME    segment code
0000             17            R_GSINIT  segment code
0000             18            R_IXSEG   segment xdata
0000             19            R_CONST   segment code
0000             20            R_XINIT   segment code
0000             21            R_DINIT   segment code
0000             22   
0000             23   ;--------------------------------------------------------
0000             24   ; Public variables in this module
0000             25   ;--------------------------------------------------------
0000             26            public _LCDprint_PARM_3
0000             27            public _LCDprint_PARM_2
0000             28            public _LCD_pulse
0000             29            public _LCD_byte
0000             30            public _WriteData
0000             31            public _WriteCommand
0000             32            public _LCD_4BIT
0000             33            public _LCDprint
0000             34   ;--------------------------------------------------------
0000             35   ; Special Function Registers
0000             36   ;--------------------------------------------------------
0000             37   _ACC            DATA 0xe0
0000             38   _ADC0ASAH       DATA 0xb6
0000             39   _ADC0ASAL       DATA 0xb5
0000             40   _ADC0ASCF       DATA 0xa1
0000             41   _ADC0ASCT       DATA 0xc7
0000             42   _ADC0CF0        DATA 0xbc
0000             43   _ADC0CF1        DATA 0xb9
0000             44   _ADC0CF2        DATA 0xdf
0000             45   _ADC0CN0        DATA 0xe8
0000             46   _ADC0CN1        DATA 0xb2
0000             47   _ADC0CN2        DATA 0xb3
0000             48   _ADC0GTH        DATA 0xc4
0000             49   _ADC0GTL        DATA 0xc3
0000             50   _ADC0H          DATA 0xbe
0000             51   _ADC0L          DATA 0xbd
0000             52   _ADC0LTH        DATA 0xc6
0000             53   _ADC0LTL        DATA 0xc5
0000             54   _ADC0MX         DATA 0xbb
0000             55   _B              DATA 0xf0
0000             56   _CKCON0         DATA 0x8e
0000             57   _CKCON1         DATA 0xa6
0000             58   _CLEN0          DATA 0xc6
0000             59   _CLIE0          DATA 0xc7
0000             60   _CLIF0          DATA 0xe8
0000             61   _CLKSEL         DATA 0xa9
0000             62   _CLOUT0         DATA 0xd1
0000             63   _CLU0CF         DATA 0xb1
0000             64   _CLU0FN         DATA 0xaf
0000             65   _CLU0MX         DATA 0x84
0000             66   _CLU1CF         DATA 0xb3
0000             67   _CLU1FN         DATA 0xb2
0000             68   _CLU1MX         DATA 0x85
0000             69   _CLU2CF         DATA 0xb6
0000             70   _CLU2FN         DATA 0xb5
0000             71   _CLU2MX         DATA 0x91
0000             72   _CLU3CF         DATA 0xbf
0000             73   _CLU3FN         DATA 0xbe
0000             74   _CLU3MX         DATA 0xae
0000             75   _CMP0CN0        DATA 0x9b
0000             76   _CMP0CN1        DATA 0x99
0000             77   _CMP0MD         DATA 0x9d
0000             78   _CMP0MX         DATA 0x9f
0000             79   _CMP1CN0        DATA 0xbf
0000             80   _CMP1CN1        DATA 0xac
0000             81   _CMP1MD         DATA 0xab
0000             82   _CMP1MX         DATA 0xaa
0000             83   _CRC0CN0        DATA 0xce
0000             84   _CRC0CN1        DATA 0x86
0000             85   _CRC0CNT        DATA 0xd3
0000             86   _CRC0DAT        DATA 0xcb
0000             87   _CRC0FLIP       DATA 0xcf
0000             88   _CRC0IN         DATA 0xca
0000             89   _CRC0ST         DATA 0xd2
0000             90   _DAC0CF0        DATA 0x91
0000             91   _DAC0CF1        DATA 0x92
0000             92   _DAC0H          DATA 0x85
0000             93   _DAC0L          DATA 0x84
0000             94   _DAC1CF0        DATA 0x93
0000             95   _DAC1CF1        DATA 0x94
0000             96   _DAC1H          DATA 0x8a
0000             97   _DAC1L          DATA 0x89
0000             98   _DAC2CF0        DATA 0x95
0000             99   _DAC2CF1        DATA 0x96
0000            100   _DAC2H          DATA 0x8c
0000            101   _DAC2L          DATA 0x8b
0000            102   _DAC3CF0        DATA 0x9a
0000            103   _DAC3CF1        DATA 0x9c
0000            104   _DAC3H          DATA 0x8e
0000            105   _DAC3L          DATA 0x8d
0000            106   _DACGCF0        DATA 0x88
0000            107   _DACGCF1        DATA 0x98
0000            108   _DACGCF2        DATA 0xa2
0000            109   _DERIVID        DATA 0xad
0000            110   _DEVICEID       DATA 0xb5
0000            111   _DPH            DATA 0x83
0000            112   _DPL            DATA 0x82
0000            113   _EIE1           DATA 0xe6
0000            114   _EIE2           DATA 0xf3
0000            115   _EIP1           DATA 0xbb
0000            116   _EIP1H          DATA 0xee
0000            117   _EIP2           DATA 0xed
0000            118   _EIP2H          DATA 0xf6
0000            119   _EMI0CN         DATA 0xe7
0000            120   _FLKEY          DATA 0xb7
0000            121   _HFO0CAL        DATA 0xc7
0000            122   _HFO1CAL        DATA 0xd6
0000            123   _HFOCN          DATA 0xef
0000            124   _I2C0ADM        DATA 0xff
0000            125   _I2C0CN0        DATA 0xba
0000            126   _I2C0DIN        DATA 0xbc
0000            127   _I2C0DOUT       DATA 0xbb
0000            128   _I2C0FCN0       DATA 0xad
0000            129   _I2C0FCN1       DATA 0xab
0000            130   _I2C0FCT        DATA 0xf5
0000            131   _I2C0SLAD       DATA 0xbd
0000            132   _I2C0STAT       DATA 0xb9
0000            133   _IE             DATA 0xa8
0000            134   _IP             DATA 0xb8
0000            135   _IPH            DATA 0xf2
0000            136   _IT01CF         DATA 0xe4
0000            137   _LFO0CN         DATA 0xb1
0000            138   _P0             DATA 0x80
0000            139   _P0MASK         DATA 0xfe
0000            140   _P0MAT          DATA 0xfd
0000            141   _P0MDIN         DATA 0xf1
0000            142   _P0MDOUT        DATA 0xa4
0000            143   _P0SKIP         DATA 0xd4
0000            144   _P1             DATA 0x90
0000            145   _P1MASK         DATA 0xee
0000            146   _P1MAT          DATA 0xed
0000            147   _P1MDIN         DATA 0xf2
0000            148   _P1MDOUT        DATA 0xa5
0000            149   _P1SKIP         DATA 0xd5
0000            150   _P2             DATA 0xa0
0000            151   _P2MASK         DATA 0xfc
0000            152   _P2MAT          DATA 0xfb
0000            153   _P2MDIN         DATA 0xf3
0000            154   _P2MDOUT        DATA 0xa6
0000            155   _P2SKIP         DATA 0xcc
0000            156   _P3             DATA 0xb0
0000            157   _P3MDIN         DATA 0xf4
0000            158   _P3MDOUT        DATA 0x9c
0000            159   _PCA0CENT       DATA 0x9e
0000            160   _PCA0CLR        DATA 0x9c
0000            161   _PCA0CN0        DATA 0xd8
0000            162   _PCA0CPH0       DATA 0xfc
0000            163   _PCA0CPH1       DATA 0xea
0000            164   _PCA0CPH2       DATA 0xec
0000            165   _PCA0CPH3       DATA 0xf5
0000            166   _PCA0CPH4       DATA 0x85
0000            167   _PCA0CPH5       DATA 0xde
0000            168   _PCA0CPL0       DATA 0xfb
0000            169   _PCA0CPL1       DATA 0xe9
0000            170   _PCA0CPL2       DATA 0xeb
0000            171   _PCA0CPL3       DATA 0xf4
0000            172   _PCA0CPL4       DATA 0x84
0000            173   _PCA0CPL5       DATA 0xdd
0000            174   _PCA0CPM0       DATA 0xda
0000            175   _PCA0CPM1       DATA 0xdb
0000            176   _PCA0CPM2       DATA 0xdc
0000            177   _PCA0CPM3       DATA 0xae
0000            178   _PCA0CPM4       DATA 0xaf
0000            179   _PCA0CPM5       DATA 0xcc
0000            180   _PCA0H          DATA 0xfa
0000            181   _PCA0L          DATA 0xf9
0000            182   _PCA0MD         DATA 0xd9
0000            183   _PCA0POL        DATA 0x96
0000            184   _PCA0PWM        DATA 0xf7
0000            185   _PCON0          DATA 0x87
0000            186   _PCON1          DATA 0xcd
0000            187   _PFE0CN         DATA 0xc1
0000            188   _PRTDRV         DATA 0xf6
0000            189   _PSCTL          DATA 0x8f
0000            190   _PSTAT0         DATA 0xaa
0000            191   _PSW            DATA 0xd0
0000            192   _REF0CN         DATA 0xd1
0000            193   _REG0CN         DATA 0xc9
0000            194   _REVID          DATA 0xb6
0000            195   _RSTSRC         DATA 0xef
0000            196   _SBCON1         DATA 0x94
0000            197   _SBRLH1         DATA 0x96
0000            198   _SBRLL1         DATA 0x95
0000            199   _SBUF           DATA 0x99
0000            200   _SBUF0          DATA 0x99
0000            201   _SBUF1          DATA 0x92
0000            202   _SCON           DATA 0x98
0000            203   _SCON0          DATA 0x98
0000            204   _SCON1          DATA 0xc8
0000            205   _SFRPAGE        DATA 0xa7
0000            206   _SFRPGCN        DATA 0xbc
0000            207   _SFRSTACK       DATA 0xd7
0000            208   _SMB0ADM        DATA 0xd6
0000            209   _SMB0ADR        DATA 0xd7
0000            210   _SMB0CF         DATA 0xc1
0000            211   _SMB0CN0        DATA 0xc0
0000            212   _SMB0DAT        DATA 0xc2
0000            213   _SMB0FCN0       DATA 0xc3
0000            214   _SMB0FCN1       DATA 0xc4
0000            215   _SMB0FCT        DATA 0xef
0000            216   _SMB0RXLN       DATA 0xc5
0000            217   _SMB0TC         DATA 0xac
0000            218   _SMOD1          DATA 0x93
0000            219   _SP             DATA 0x81
0000            220   _SPI0CFG        DATA 0xa1
0000            221   _SPI0CKR        DATA 0xa2
0000            222   _SPI0CN0        DATA 0xf8
0000            223   _SPI0DAT        DATA 0xa3
0000            224   _SPI0FCN0       DATA 0x9a
0000            225   _SPI0FCN1       DATA 0x9b
0000            226   _SPI0FCT        DATA 0xf7
0000            227   _SPI0PCF        DATA 0xdf
0000            228   _TCON           DATA 0x88
0000            229   _TH0            DATA 0x8c
0000            230   _TH1            DATA 0x8d
0000            231   _TL0            DATA 0x8a
0000            232   _TL1            DATA 0x8b
0000            233   _TMOD           DATA 0x89
0000            234   _TMR2CN0        DATA 0xc8
0000            235   _TMR2CN1        DATA 0xfd
0000            236   _TMR2H          DATA 0xcf
0000            237   _TMR2L          DATA 0xce
0000            238   _TMR2RLH        DATA 0xcb
0000            239   _TMR2RLL        DATA 0xca
0000            240   _TMR3CN0        DATA 0x91
0000            241   _TMR3CN1        DATA 0xfe
0000            242   _TMR3H          DATA 0x95
0000            243   _TMR3L          DATA 0x94
0000            244   _TMR3RLH        DATA 0x93
0000            245   _TMR3RLL        DATA 0x92
0000            246   _TMR4CN0        DATA 0x98
0000            247   _TMR4CN1        DATA 0xff
0000            248   _TMR4H          DATA 0xa5
0000            249   _TMR4L          DATA 0xa4
0000            250   _TMR4RLH        DATA 0xa3
0000            251   _TMR4RLL        DATA 0xa2
0000            252   _TMR5CN0        DATA 0xc0
0000            253   _TMR5CN1        DATA 0xf1
0000            254   _TMR5H          DATA 0xd5
0000            255   _TMR5L          DATA 0xd4
0000            256   _TMR5RLH        DATA 0xd3
0000            257   _TMR5RLL        DATA 0xd2
0000            258   _UART0PCF       DATA 0xd9
0000            259   _UART1FCN0      DATA 0x9d
0000            260   _UART1FCN1      DATA 0xd8
0000            261   _UART1FCT       DATA 0xfa
0000            262   _UART1LIN       DATA 0x9e
0000            263   _UART1PCF       DATA 0xda
0000            264   _VDM0CN         DATA 0xff
0000            265   _WDTCN          DATA 0x97
0000            266   _XBR0           DATA 0xe1
0000            267   _XBR1           DATA 0xe2
0000            268   _XBR2           DATA 0xe3
0000            269   _XOSC0CN        DATA 0x86
0000            270   _DPTR           DATA 0x8382
0000            271   _TMR2RL         DATA 0xcbca
0000            272   _TMR3RL         DATA 0x9392
0000            273   _TMR4RL         DATA 0xa3a2
0000            274   _TMR5RL         DATA 0xd3d2
0000            275   _TMR0           DATA 0x8c8a
0000            276   _TMR1           DATA 0x8d8b
0000            277   _TMR2           DATA 0xcfce
0000            278   _TMR3           DATA 0x9594
0000            279   _TMR4           DATA 0xa5a4
0000            280   _TMR5           DATA 0xd5d4
0000            281   _SBRL1          DATA 0x9695
0000            282   _PCA0           DATA 0xfaf9
0000            283   _PCA0CP0        DATA 0xfcfb
0000            284   _PCA0CP1        DATA 0xeae9
0000            285   _PCA0CP2        DATA 0xeceb
0000            286   _PCA0CP3        DATA 0xf5f4
0000            287   _PCA0CP4        DATA 0x8584
0000            288   _PCA0CP5        DATA 0xdedd
0000            289   _ADC0ASA        DATA 0xb6b5
0000            290   _ADC0GT         DATA 0xc4c3
0000            291   _ADC0           DATA 0xbebd
0000            292   _ADC0LT         DATA 0xc6c5
0000            293   _DAC0           DATA 0x8584
0000            294   _DAC1           DATA 0x8a89
0000            295   _DAC2           DATA 0x8c8b
0000            296   _DAC3           DATA 0x8e8d
0000            297   ;--------------------------------------------------------
0000            298   ; special function bits
0000            299   ;--------------------------------------------------------
0000            300   _ACC_0          BIT 0xe0
0000            301   _ACC_1          BIT 0xe1
0000            302   _ACC_2          BIT 0xe2
0000            303   _ACC_3          BIT 0xe3
0000            304   _ACC_4          BIT 0xe4
0000            305   _ACC_5          BIT 0xe5
0000            306   _ACC_6          BIT 0xe6
0000            307   _ACC_7          BIT 0xe7
0000            308   _TEMPE          BIT 0xe8
0000            309   _ADGN0          BIT 0xe9
0000            310   _ADGN1          BIT 0xea
0000            311   _ADWINT         BIT 0xeb
0000            312   _ADBUSY         BIT 0xec
0000            313   _ADINT          BIT 0xed
0000            314   _IPOEN          BIT 0xee
0000            315   _ADEN           BIT 0xef
0000            316   _B_0            BIT 0xf0
0000            317   _B_1            BIT 0xf1
0000            318   _B_2            BIT 0xf2
0000            319   _B_3            BIT 0xf3
0000            320   _B_4            BIT 0xf4
0000            321   _B_5            BIT 0xf5
0000            322   _B_6            BIT 0xf6
0000            323   _B_7            BIT 0xf7
0000            324   _C0FIF          BIT 0xe8
0000            325   _C0RIF          BIT 0xe9
0000            326   _C1FIF          BIT 0xea
0000            327   _C1RIF          BIT 0xeb
0000            328   _C2FIF          BIT 0xec
0000            329   _C2RIF          BIT 0xed
0000            330   _C3FIF          BIT 0xee
0000            331   _C3RIF          BIT 0xef
0000            332   _D1SRC0         BIT 0x88
0000            333   _D1SRC1         BIT 0x89
0000            334   _D1AMEN         BIT 0x8a
0000            335   _D01REFSL       BIT 0x8b
0000            336   _D3SRC0         BIT 0x8c
0000            337   _D3SRC1         BIT 0x8d
0000            338   _D3AMEN         BIT 0x8e
0000            339   _D23REFSL       BIT 0x8f
0000            340   _D0UDIS         BIT 0x98
0000            341   _D1UDIS         BIT 0x99
0000            342   _D2UDIS         BIT 0x9a
0000            343   _D3UDIS         BIT 0x9b
0000            344   _EX0            BIT 0xa8
0000            345   _ET0            BIT 0xa9
0000            346   _EX1            BIT 0xaa
0000            347   _ET1            BIT 0xab
0000            348   _ES0            BIT 0xac
0000            349   _ET2            BIT 0xad
0000            350   _ESPI0          BIT 0xae
0000            351   _EA             BIT 0xaf
0000            352   _PX0            BIT 0xb8
0000            353   _PT0            BIT 0xb9
0000            354   _PX1            BIT 0xba
0000            355   _PT1            BIT 0xbb
0000            356   _PS0            BIT 0xbc
0000            357   _PT2            BIT 0xbd
0000            358   _PSPI0          BIT 0xbe
0000            359   _P0_0           BIT 0x80
0000            360   _P0_1           BIT 0x81
0000            361   _P0_2           BIT 0x82
0000            362   _P0_3           BIT 0x83
0000            363   _P0_4           BIT 0x84
0000            364   _P0_5           BIT 0x85
0000            365   _P0_6           BIT 0x86
0000            366   _P0_7           BIT 0x87
0000            367   _P1_0           BIT 0x90
0000            368   _P1_1           BIT 0x91
0000            369   _P1_2           BIT 0x92
0000            370   _P1_3           BIT 0x93
0000            371   _P1_4           BIT 0x94
0000            372   _P1_5           BIT 0x95
0000            373   _P1_6           BIT 0x96
0000            374   _P1_7           BIT 0x97
0000            375   _P2_0           BIT 0xa0
0000            376   _P2_1           BIT 0xa1
0000            377   _P2_2           BIT 0xa2
0000            378   _P2_3           BIT 0xa3
0000            379   _P2_4           BIT 0xa4
0000            380   _P2_5           BIT 0xa5
0000            381   _P2_6           BIT 0xa6
0000            382   _P3_0           BIT 0xb0
0000            383   _P3_1           BIT 0xb1
0000            384   _P3_2           BIT 0xb2
0000            385   _P3_3           BIT 0xb3
0000            386   _P3_4           BIT 0xb4
0000            387   _P3_7           BIT 0xb7
0000            388   _CCF0           BIT 0xd8
0000            389   _CCF1           BIT 0xd9
0000            390   _CCF2           BIT 0xda
0000            391   _CCF3           BIT 0xdb
0000            392   _CCF4           BIT 0xdc
0000            393   _CCF5           BIT 0xdd
0000            394   _CR             BIT 0xde
0000            395   _CF             BIT 0xdf
0000            396   _PARITY         BIT 0xd0
0000            397   _F1             BIT 0xd1
0000            398   _OV             BIT 0xd2
0000            399   _RS0            BIT 0xd3
0000            400   _RS1            BIT 0xd4
0000            401   _F0             BIT 0xd5
0000            402   _AC             BIT 0xd6
0000            403   _CY             BIT 0xd7
0000            404   _RI             BIT 0x98
0000            405   _TI             BIT 0x99
0000            406   _RB8            BIT 0x9a
0000            407   _TB8            BIT 0x9b
0000            408   _REN            BIT 0x9c
0000            409   _CE             BIT 0x9d
0000            410   _SMODE          BIT 0x9e
0000            411   _RI1            BIT 0xc8
0000            412   _TI1            BIT 0xc9
0000            413   _RBX1           BIT 0xca
0000            414   _TBX1           BIT 0xcb
0000            415   _REN1           BIT 0xcc
0000            416   _PERR1          BIT 0xcd
0000            417   _OVR1           BIT 0xce
0000            418   _SI             BIT 0xc0
0000            419   _ACK            BIT 0xc1
0000            420   _ARBLOST        BIT 0xc2
0000            421   _ACKRQ          BIT 0xc3
0000            422   _STO            BIT 0xc4
0000            423   _STA            BIT 0xc5
0000            424   _TXMODE         BIT 0xc6
0000            425   _MASTER         BIT 0xc7
0000            426   _SPIEN          BIT 0xf8
0000            427   _TXNF           BIT 0xf9
0000            428   _NSSMD0         BIT 0xfa
0000            429   _NSSMD1         BIT 0xfb
0000            430   _RXOVRN         BIT 0xfc
0000            431   _MODF           BIT 0xfd
0000            432   _WCOL           BIT 0xfe
0000            433   _SPIF           BIT 0xff
0000            434   _IT0            BIT 0x88
0000            435   _IE0            BIT 0x89
0000            436   _IT1            BIT 0x8a
0000            437   _IE1            BIT 0x8b
0000            438   _TR0            BIT 0x8c
0000            439   _TF0            BIT 0x8d
0000            440   _TR1            BIT 0x8e
0000            441   _TF1            BIT 0x8f
0000            442   _T2XCLK0        BIT 0xc8
0000            443   _T2XCLK1        BIT 0xc9
0000            444   _TR2            BIT 0xca
0000            445   _T2SPLIT        BIT 0xcb
0000            446   _TF2CEN         BIT 0xcc
0000            447   _TF2LEN         BIT 0xcd
0000            448   _TF2L           BIT 0xce
0000            449   _TF2H           BIT 0xcf
0000            450   _T4XCLK0        BIT 0x98
0000            451   _T4XCLK1        BIT 0x99
0000            452   _TR4            BIT 0x9a
0000            453   _T4SPLIT        BIT 0x9b
0000            454   _TF4CEN         BIT 0x9c
0000            455   _TF4LEN         BIT 0x9d
0000            456   _TF4L           BIT 0x9e
0000            457   _TF4H           BIT 0x9f
0000            458   _T5XCLK0        BIT 0xc0
0000            459   _T5XCLK1        BIT 0xc1
0000            460   _TR5            BIT 0xc2
0000            461   _T5SPLIT        BIT 0xc3
0000            462   _TF5CEN         BIT 0xc4
0000            463   _TF5LEN         BIT 0xc5
0000            464   _TF5L           BIT 0xc6
0000            465   _TF5H           BIT 0xc7
0000            466   _RIE            BIT 0xd8
0000            467   _RXTO0          BIT 0xd9
0000            468   _RXTO1          BIT 0xda
0000            469   _RFRQ           BIT 0xdb
0000            470   _TIE            BIT 0xdc
0000            471   _TXHOLD         BIT 0xdd
0000            472   _TXNF1          BIT 0xde
0000            473   _TFRQ           BIT 0xdf
0000            474   ;--------------------------------------------------------
0000            475   ; overlayable register banks
0000            476   ;--------------------------------------------------------
0000            477            rbank0 segment data overlay
0000            478   ;--------------------------------------------------------
0000            479   ; internal ram data
0000            480   ;--------------------------------------------------------
0000            481            rseg R_DSEG
0000            482   _LCDprint_PARM_2:
0000            483            ds 1
0001            484   ;--------------------------------------------------------
0001            485   ; overlayable items in internal ram 
0001            486   ;--------------------------------------------------------
0000            487            rseg R_OSEG
0000            488   ;--------------------------------------------------------
0000            489   ; indirectly addressable internal ram data
0000            490   ;--------------------------------------------------------
0000            491            rseg R_ISEG
0000            492   ;--------------------------------------------------------
0000            493   ; absolute internal ram data
0000            494   ;--------------------------------------------------------
0000            495            DSEG
0000            496   ;--------------------------------------------------------
0000            497   ; bit data
0000            498   ;--------------------------------------------------------
0000            499            rseg R_BSEG
0000            500   _LCDprint_PARM_3:
0000            501            DBIT    1
0001            502   ;--------------------------------------------------------
0001            503   ; paged external ram data
0001            504   ;--------------------------------------------------------
0000            505            rseg R_PSEG
0000            506   ;--------------------------------------------------------
0000            507   ; external ram data
0000            508   ;--------------------------------------------------------
0000            509            rseg R_XSEG
0000            510   ;--------------------------------------------------------
0000            511   ; absolute external ram data
0000            512   ;--------------------------------------------------------
0000            513            XSEG
0000            514   ;--------------------------------------------------------
0000            515   ; external initialized ram data
0000            516   ;--------------------------------------------------------
0000            517            rseg R_IXSEG
0000            518            rseg R_HOME
0000            519            rseg R_GSINIT
0000            520            rseg R_CSEG
0000            521   ;--------------------------------------------------------
0000            522   ; Interrupt vectors
0000            523   ;--------------------------------------------------------
0000            524   ;--------------------------------------------------------
0000            525   ; global & static initialisations
0000            526   ;--------------------------------------------------------
0000            527            rseg R_HOME
0000            528            rseg R_GSINIT
0000            529            rseg R_GSINIT
0000            530   ;--------------------------------------------------------
0000            531   ; data variables initialization
0000            532   ;--------------------------------------------------------
0000            533            rseg R_DINIT
0000            534            ; The linker places a 'ret' at the end of segment R_DINIT.
0000            535   ;--------------------------------------------------------
0000            536   ; code
0000            537   ;--------------------------------------------------------
0000            538            rseg R_CSEG
0000            539   ;------------------------------------------------------------
0000            540   ;Allocation info for local variables in function 'LCD_pulse'
0000            541   ;------------------------------------------------------------
0000            542   ;------------------------------------------------------------
0000            543   ;        lcd.c:7: void LCD_pulse (void)
0000            544   ;        -----------------------------------------
0000            545   ;         function LCD_pulse
0000            546   ;        -----------------------------------------
0000            547   _LCD_pulse:
0000            548            using   0
0000            549   ;        lcd.c:9: LCD_E=1;
0000 D2A0       550            setb    _P2_0
0002            551   ;        lcd.c:10: Timer3us(40);
0002 758228     552            mov     dpl,#0x28
0005 120000     553            lcall   _Timer3us
0008            554   ;        lcd.c:11: LCD_E=0;
0008 C2A0       555            clr     _P2_0
000A 22         556            ret
000B            557   ;------------------------------------------------------------
000B            558   ;Allocation info for local variables in function 'LCD_byte'
000B            559   ;------------------------------------------------------------
000B            560   ;x                         Allocated to registers r2 
000B            561   ;------------------------------------------------------------
000B            562   ;        lcd.c:14: void LCD_byte (unsigned char x)
000B            563   ;        -----------------------------------------
000B            564   ;         function LCD_byte
000B            565   ;        -----------------------------------------
000B            566   _LCD_byte:
000B AA82       567            mov     r2,dpl
000D            568   ;        lcd.c:17: ACC=x; //Send high nible
000D 8AE0       569            mov     _ACC,r2
000F            570   ;        lcd.c:18: LCD_D7=ACC_7;
000F A2E7       571            mov     c,_ACC_7
0011 9290       572            mov     _P1_0,c
0013            573   ;        lcd.c:19: LCD_D6=ACC_6;
0013 A2E6       574            mov     c,_ACC_6
0015 9291       575            mov     _P1_1,c
0017            576   ;        lcd.c:20: LCD_D5=ACC_5;
0017 A2E5       577            mov     c,_ACC_5
0019 9292       578            mov     _P1_2,c
001B            579   ;        lcd.c:21: LCD_D4=ACC_4;
001B A2E4       580            mov     c,_ACC_4
001D 9293       581            mov     _P1_3,c
001F            582   ;        lcd.c:22: LCD_pulse();
001F C002       583            push    ar2
0021 120000     584            lcall   _LCD_pulse
0024            585   ;        lcd.c:23: Timer3us(40);
0024 758228     586            mov     dpl,#0x28
0027 120000     587            lcall   _Timer3us
002A D002       588            pop     ar2
002C            589   ;        lcd.c:24: ACC=x; //Send low nible
002C 8AE0       590            mov     _ACC,r2
002E            591   ;        lcd.c:25: LCD_D7=ACC_3;
002E A2E3       592            mov     c,_ACC_3
0030 9290       593            mov     _P1_0,c
0032            594   ;        lcd.c:26: LCD_D6=ACC_2;
0032 A2E2       595            mov     c,_ACC_2
0034 9291       596            mov     _P1_1,c
0036            597   ;        lcd.c:27: LCD_D5=ACC_1;
0036 A2E1       598            mov     c,_ACC_1
0038 9292       599            mov     _P1_2,c
003A            600   ;        lcd.c:28: LCD_D4=ACC_0;
003A A2E0       601            mov     c,_ACC_0
003C 9293       602            mov     _P1_3,c
003E            603   ;        lcd.c:29: LCD_pulse();
003E 020000     604            ljmp    _LCD_pulse
0041            605   ;------------------------------------------------------------
0041            606   ;Allocation info for local variables in function 'WriteData'
0041            607   ;------------------------------------------------------------
0041            608   ;x                         Allocated to registers 
0041            609   ;------------------------------------------------------------
0041            610   ;        lcd.c:32: void WriteData (unsigned char x)
0041            611   ;        -----------------------------------------
0041            612   ;         function WriteData
0041            613   ;        -----------------------------------------
0041            614   _WriteData:
0041            615   ;        lcd.c:34: LCD_RS=1;
0041 D297       616            setb    _P1_7
0043            617   ;        lcd.c:35: LCD_byte(x);
0043 120000     618            lcall   _LCD_byte
0046            619   ;        lcd.c:36: waitms(2);
0046 900002     620            mov     dptr,#0x0002
0049 020000     621            ljmp    _waitms
004C            622   ;------------------------------------------------------------
004C            623   ;Allocation info for local variables in function 'WriteCommand'
004C            624   ;------------------------------------------------------------
004C            625   ;x                         Allocated to registers 
004C            626   ;------------------------------------------------------------
004C            627   ;        lcd.c:39: void WriteCommand (unsigned char x)
004C            628   ;        -----------------------------------------
004C            629   ;         function WriteCommand
004C            630   ;        -----------------------------------------
004C            631   _WriteCommand:
004C            632   ;        lcd.c:41: LCD_RS=0;
004C C297       633            clr     _P1_7
004E            634   ;        lcd.c:42: LCD_byte(x);
004E 120000     635            lcall   _LCD_byte
0051            636   ;        lcd.c:43: waitms(5);
0051 900005     637            mov     dptr,#0x0005
0054 020000     638            ljmp    _waitms
0057            639   ;------------------------------------------------------------
0057            640   ;Allocation info for local variables in function 'LCD_4BIT'
0057            641   ;------------------------------------------------------------
0057            642   ;------------------------------------------------------------
0057            643   ;        lcd.c:46: void LCD_4BIT (void)
0057            644   ;        -----------------------------------------
0057            645   ;         function LCD_4BIT
0057            646   ;        -----------------------------------------
0057            647   _LCD_4BIT:
0057            648   ;        lcd.c:48: LCD_E=0; // Resting state of LCD's enable is zero
0057 C2A0       649            clr     _P2_0
0059            650   ;        lcd.c:50: waitms(20);
0059 900014     651            mov     dptr,#0x0014
005C 120000     652            lcall   _waitms
005F            653   ;        lcd.c:52: WriteCommand(0x33);
005F 758233     654            mov     dpl,#0x33
0062 120000     655            lcall   _WriteCommand
0065            656   ;        lcd.c:53: WriteCommand(0x33);
0065 758233     657            mov     dpl,#0x33
0068 120000     658            lcall   _WriteCommand
006B            659   ;        lcd.c:54: WriteCommand(0x32); // Change to 4-bit mode
006B 758232     660            mov     dpl,#0x32
006E 120000     661            lcall   _WriteCommand
0071            662   ;        lcd.c:57: WriteCommand(0x28);
0071 758228     663            mov     dpl,#0x28
0074 120000     664            lcall   _WriteCommand
0077            665   ;        lcd.c:58: WriteCommand(0x0c);
0077 75820C     666            mov     dpl,#0x0C
007A 120000     667            lcall   _WriteCommand
007D            668   ;        lcd.c:59: WriteCommand(0x01); // Clear screen command (takes some time)
007D 758201     669            mov     dpl,#0x01
0080 120000     670            lcall   _WriteCommand
0083            671   ;        lcd.c:60: waitms(20); // Wait for clear screen command to finsih.
0083 900014     672            mov     dptr,#0x0014
0086 020000     673            ljmp    _waitms
0089            674   ;------------------------------------------------------------
0089            675   ;Allocation info for local variables in function 'LCDprint'
0089            676   ;------------------------------------------------------------
0089            677   ;line                      Allocated with name '_LCDprint_PARM_2'
0089            678   ;string                    Allocated to registers r2 r3 r4 
0089            679   ;j                         Allocated to registers r5 r6 
0089            680   ;------------------------------------------------------------
0089            681   ;        lcd.c:63: void LCDprint(char * string, unsigned char line, bit clear)
0089            682   ;        -----------------------------------------
0089            683   ;         function LCDprint
0089            684   ;        -----------------------------------------
0089            685   _LCDprint:
0089 AA82       686            mov     r2,dpl
008B AB83       687            mov     r3,dph
008D ACF0       688            mov     r4,b
008F            689   ;        lcd.c:67: WriteCommand(line==2?0xc0:0x80);
008F 7402       690            mov     a,#0x02
0091 B5B0C0     691            cjne    a,_LCDprint_PARM_2,L007013?
0094 7DC0       692            mov     r5,#0xC0
0096 8000       693            sjmp    L007014?
0098            694   L007013?:
0098 7D80       695            mov     r5,#0x80
009A            696   L007014?:
009A 8D82       697            mov     dpl,r5
009C C002       698            push    ar2
009E C003       699            push    ar3
00A0 C004       700            push    ar4
00A2 120000     701            lcall   _WriteCommand
00A5            702   ;        lcd.c:68: waitms(5);
00A5 900005     703            mov     dptr,#0x0005
00A8 120000     704            lcall   _waitms
00AB D004       705            pop     ar4
00AD D003       706            pop     ar3
00AF D002       707            pop     ar2
00B1            708   ;        lcd.c:69: for(j=0; string[j]!=0; j++)   WriteData(string[j]);// Write the message
00B1 7D00       709            mov     r5,#0x00
00B3 7E00       710            mov     r6,#0x00
00B5            711   L007003?:
00B5 ED         712            mov     a,r5
00B6 2A         713            add     a,r2
00B7 FF         714            mov     r7,a
00B8 EE         715            mov     a,r6
00B9 3B         716            addc    a,r3
00BA F8         717            mov     r0,a
00BB 8C01       718            mov     ar1,r4
00BD 8F82       719            mov     dpl,r7
00BF 8883       720            mov     dph,r0
00C1 89F0       721            mov     b,r1
00C3 120000     722            lcall   __gptrget
00C6 FF         723            mov     r7,a
00C7 6000       724            jz      L007006?
00C9 8F82       725            mov     dpl,r7
00CB C002       726            push    ar2
00CD C003       727            push    ar3
00CF C004       728            push    ar4
00D1 C005       729            push    ar5
00D3 C006       730            push    ar6
00D5 120000     731            lcall   _WriteData
00D8 D006       732            pop     ar6
00DA D005       733            pop     ar5
00DC D004       734            pop     ar4
00DE D003       735            pop     ar3
00E0 D002       736            pop     ar2
00E2 0D         737            inc     r5
00E3 BD0040     738            cjne    r5,#0x00,L007003?
00E6 0E         739            inc     r6
00E7 8000       740            sjmp    L007003?
00E9            741   L007006?:
00E9            742   ;        lcd.c:70: if(clear) for(; j<CHARS_PER_LINE; j++) WriteData(' '); // Clear the rest of the line
00E9 306000     743            jnb     _LCDprint_PARM_3,L007011?
00EC 8D02       744            mov     ar2,r5
00EE 8E03       745            mov     ar3,r6
00F0            746   L007007?:
00F0 C3         747            clr     c
00F1 EA         748            mov     a,r2
00F2 9410       749            subb    a,#0x10
00F4 EB         750            mov     a,r3
00F5 6480       751            xrl     a,#0x80
00F7 9480       752            subb    a,#0x80
00F9 5000       753            jnc     L007011?
00FB 758220     754            mov     dpl,#0x20
00FE C002       755            push    ar2
0100 C003       756            push    ar3
0102 120000     757            lcall   _WriteData
0105 D003       758            pop     ar3
0107 D002       759            pop     ar2
0109 0A         760            inc     r2
010A BA0040     761            cjne    r2,#0x00,L007007?
010D 0B         762            inc     r3
010E 8000       763            sjmp    L007007?
0110            764   L007011?:
0110 22         765            ret
0111            766            rseg R_CSEG
0111            767   
0000            768            rseg R_XINIT
0000            769   
0000            770            rseg R_CONST
0000            771   
0000            772            CSEG
0000            773   
0000            774   end
